<?xml version="1.0" encoding="UTF-8" ?>
<testsuite failures="0" time="0.191" errors="0" skipped="0" tests="20" name="com.xebia.xke.algo.minimax.player.medium.StateConnectFourV1Test">
  <properties>
[...]
</properties>
  <testcase time="0.036" classname="com.xebia.xke.algo.minimax.player.medium.StateConnectFourV1Test" name="when_vertical_line_of_1_red_should_return_1"/>
  <testcase time="0.003" classname="com.xebia.xke.algo.minimax.player.medium.StateConnectFourV1Test" name="when_verticale_line_of_2_red_should_return_2"/>
  <testcase time="0" classname="com.xebia.xke.algo.minimax.player.medium.StateConnectFourV1Test" name="when_vertical_line_of_3_red_should_return_3"/>
  <testcase time="0" classname="com.xebia.xke.algo.minimax.player.medium.StateConnectFourV1Test" name="when_vertical_line_of_4_red_should_return_9999"/>
  <testcase time="0.001" classname="com.xebia.xke.algo.minimax.player.medium.StateConnectFourV1Test" name="when_horizontal_line_of_1_red_should_return_1"/>
  <testcase time="0.001" classname="com.xebia.xke.algo.minimax.player.medium.StateConnectFourV1Test" name="when_horizontale_line_of_2_red_should_return_2"/>
  <testcase time="0" classname="com.xebia.xke.algo.minimax.player.medium.StateConnectFourV1Test" name="when_horizontal_line_of_3_red_should_return_3"/>
  <testcase time="0" classname="com.xebia.xke.algo.minimax.player.medium.StateConnectFourV1Test" name="when_horizontal_line_of_4_red_should_return_9999"/>
  <testcase time="0.001" classname="com.xebia.xke.algo.minimax.player.medium.StateConnectFourV1Test" name="when_ascending_diag_line_of_1_red_should_return_1"/>
  <testcase time="0.001" classname="com.xebia.xke.algo.minimax.player.medium.StateConnectFourV1Test" name="when_ascending_diag_line_of_2_red_should_return_2"/>
  <testcase time="0" classname="com.xebia.xke.algo.minimax.player.medium.StateConnectFourV1Test" name="when_ascending_diag_line_of_3_red_should_return_3"/>
  <testcase time="0" classname="com.xebia.xke.algo.minimax.player.medium.StateConnectFourV1Test" name="when_ascending_diag_line_of_4_red_should_return_9999"/>
  <testcase time="0" classname="com.xebia.xke.algo.minimax.player.medium.StateConnectFourV1Test" name="when_descending_diag_line_of_1_red_should_return_1"/>
  <testcase time="0.002" classname="com.xebia.xke.algo.minimax.player.medium.StateConnectFourV1Test" name="when_descending_diag_line_of_2_red_should_return_2"/>
  <testcase time="0.001" classname="com.xebia.xke.algo.minimax.player.medium.StateConnectFourV1Test" name="when_descending_diag_line_of_3_red_should_return_3"/>
  <testcase time="0.001" classname="com.xebia.xke.algo.minimax.player.medium.StateConnectFourV1Test" name="when_descending_diag_line_of_4_red_should_return_9999"/>
  <testcase time="0" classname="com.xebia.xke.algo.minimax.player.medium.StateConnectFourV1Test" name="when_1_red_1_yellow_should_return_0"/>
  <testcase time="0.001" classname="com.xebia.xke.algo.minimax.player.medium.StateConnectFourV1Test" name="when_column_full_with_colors_alternated_should_return_0"/>
  <testcase time="0.001" classname="com.xebia.xke.algo.minimax.player.medium.StateConnectFourV1Test" name="when_line_full_with_colors_alternated_should_return_1"/>
  <testcase time="0" classname="com.xebia.xke.algo.minimax.player.medium.StateConnectFourV1Test" name="when_2_red_1_yellow_should_return_0"/>
</testsuite>